[debug] [2024-09-04T17:54:09.424Z] ----------------------------------------------------------------------
[debug] [2024-09-04T17:54:09.426Z] Command:       C:\Program Files\nodejs\node.exe C:\Users\adity\AppData\Roaming\npm\node_modules\firebase-tools\lib\bin\firebase.js init
[debug] [2024-09-04T17:54:09.427Z] CLI Version:   13.16.0
[debug] [2024-09-04T17:54:09.427Z] Platform:      win32
[debug] [2024-09-04T17:54:09.427Z] Node Version:  v20.17.0
[debug] [2024-09-04T17:54:09.427Z] Time:          Wed Sep 04 2024 23:24:09 GMT+0530 (India Standard Time)
[debug] [2024-09-04T17:54:09.427Z] ----------------------------------------------------------------------
[debug] 
[debug] [2024-09-04T17:54:09.432Z] > command requires scopes: ["email","openid","https://www.googleapis.com/auth/cloudplatformprojects.readonly","https://www.googleapis.com/auth/firebase","https://www.googleapis.com/auth/cloud-platform"]
[debug] [2024-09-04T17:54:09.433Z] > authorizing via signed-in user (aditya112004yadav@gmail.com)
[info] 
     ######## #### ########  ######## ########     ###     ######  ########
     ##        ##  ##     ## ##       ##     ##  ##   ##  ##       ##
     ######    ##  ########  ######   ########  #########  ######  ######
     ##        ##  ##    ##  ##       ##     ## ##     ##       ## ##
     ##       #### ##     ## ######## ########  ##     ##  ######  ########

You're about to initialize a Firebase project in this directory:

  C:\Users\adity\Documents\Portfolio_certificate

[info] 
=== Project Setup
[info] 
[info] First, let's associate this project directory with a Firebase project.
[info] You can create multiple project aliases by running firebase use --add, 
[info] but for now we'll just set up a default project.
[info] 
[debug] [2024-09-04T17:54:18.008Z] >>> [apiv2][query] GET https://firebase.googleapis.com/v1beta1/projects pageSize=100
[debug] [2024-09-04T17:54:18.919Z] <<< [apiv2][status] GET https://firebase.googleapis.com/v1beta1/projects 200
[debug] [2024-09-04T17:54:18.919Z] <<< [apiv2][body] GET https://firebase.googleapis.com/v1beta1/projects [omitted]
[info] i  Using project certificate-d752f (Certificate) 
[info] 
=== Hosting Setup
[debug] [2024-09-04T17:54:26.423Z] >>> [apiv2][query] GET https://firebase.googleapis.com/v1beta1/projects/certificate-d752f [none]
[debug] [2024-09-04T17:54:27.001Z] <<< [apiv2][status] GET https://firebase.googleapis.com/v1beta1/projects/certificate-d752f 200
[debug] [2024-09-04T17:54:27.001Z] <<< [apiv2][body] GET https://firebase.googleapis.com/v1beta1/projects/certificate-d752f {"projectId":"certificate-d752f","projectNumber":"226028132002","displayName":"Certificate","name":"projects/certificate-d752f","resources":{"hostingSite":"certificate-d752f","storageBucket":"certificate-d752f.appspot.com","locationId":"asia-south1"},"state":"ACTIVE","etag":"1_f40d25fb-2f06-4dde-9c1c-dcbc38890e8e"}
[info] 
[info] Your public directory is the folder (relative to your project directory) that
[info] will contain Hosting assets to be uploaded with firebase deploy. If you
[info] have a build process for your assets, use your build's output directory.
[info] 
